<?xml version="1.0" encoding="UTF-8"?>
<!-- Generated by org.testng.reporters.JUnitReportReporter -->
<testsuite hostname="LAPTOP-E4NDCGJH" failures="0" tests="3" name="testsuite1.module2" time="0.004" errors="0" timestamp="2023-01-09T15:38:05 EST" skipped="0">
  <testcase classname="testsuite1.module2" name="test2" time="0.001"/>
  <system-out/>
  <testcase classname="testsuite1.module2" name="test1" time="0.001"/>
  <system-out/>
  <testcase classname="testsuite1.module2" name="test3" time="0.002"/>
  <system-out/>
</testsuite> <!-- testsuite1.module2 -->
