<?xml version="1.0" encoding="UTF-8"?>
<!-- Generated by org.testng.reporters.JUnitReportReporter -->
<testsuite hostname="LAPTOP-E4NDCGJH" failures="0" tests="1" name="testng.TestAnnotations" time="0.014" errors="0" timestamp="2023-01-12T12:00:19 EST" skipped="0">
  <testcase classname="testng.TestAnnotations" name="test" time="0.014"/>
  <system-out/>
</testsuite> <!-- testng.TestAnnotations -->
